This file contains any messages produced by compilers while
running configure, to aid debugging if configure makes a mistake.

It was created by libRTSPServer configure 1.1, which was
generated by GNU Autoconf 2.68.  Invocation command line was

  $ ./configure 

## --------- ##
## Platform. ##
## --------- ##

hostname = ubuntu
uname -m = i686
uname -r = 3.0.0-14-generic
uname -s = Linux
uname -v = #23-Ubuntu SMP Mon Nov 21 20:34:47 UTC 2011

/usr/bin/uname -p = unknown
/bin/uname -X     = unknown

/bin/arch              = unknown
/usr/bin/arch -k       = unknown
/usr/convex/getsysinfo = unknown
/usr/bin/hostinfo      = unknown
/bin/machine           = unknown
/usr/bin/oslevel       = unknown
/bin/universe          = unknown

PATH: /usr/lib/lightdm/lightdm
PATH: /usr/local/sbin
PATH: /usr/local/bin
PATH: /usr/sbin
PATH: /usr/bin
PATH: /sbin
PATH: /bin
PATH: /usr/games


## ----------- ##
## Core tests. ##
## ----------- ##

configure:2330: checking for a BSD-compatible install
configure:2398: result: /usr/bin/install -c
configure:2409: checking whether build environment is sane
configure:2459: result: yes
configure:2600: checking for a thread-safe mkdir -p
configure:2639: result: /bin/mkdir -p
configure:2652: checking for gawk
configure:2682: result: no
configure:2652: checking for mawk
configure:2668: found /usr/bin/mawk
configure:2679: result: mawk
configure:2690: checking whether make sets $(MAKE)
configure:2712: result: yes
configure:2851: checking for g++
configure:2867: found /usr/bin/g++
configure:2878: result: g++
configure:2905: checking for C++ compiler version
configure:2914: g++ --version >&5
g++ (Ubuntu/Linaro 4.6.1-9ubuntu3) 4.6.1
Copyright (C) 2011 Free Software Foundation, Inc.
This is free software; see the source for copying conditions.  There is NO
warranty; not even for MERCHANTABILITY or FITNESS FOR A PARTICULAR PURPOSE.

configure:2925: $? = 0
configure:2914: g++ -v >&5
Using built-in specs.
COLLECT_GCC=g++
COLLECT_LTO_WRAPPER=/usr/lib/gcc/i686-linux-gnu/4.6.1/lto-wrapper
Target: i686-linux-gnu
Configured with: ../src/configure -v --with-pkgversion='Ubuntu/Linaro 4.6.1-9ubuntu3' --with-bugurl=file:///usr/share/doc/gcc-4.6/README.Bugs --enable-languages=c,c++,fortran,objc,obj-c++,go --prefix=/usr --program-suffix=-4.6 --enable-shared --enable-linker-build-id --with-system-zlib --libexecdir=/usr/lib --without-included-gettext --enable-threads=posix --with-gxx-include-dir=/usr/include/c++/4.6 --libdir=/usr/lib --enable-nls --with-sysroot=/ --enable-clocale=gnu --enable-libstdcxx-debug --enable-libstdcxx-time=yes --enable-plugin --enable-objc-gc --enable-targets=all --disable-werror --with-arch-32=i686 --with-tune=generic --enable-checking=release --build=i686-linux-gnu --host=i686-linux-gnu --target=i686-linux-gnu
Thread model: posix
gcc version 4.6.1 (Ubuntu/Linaro 4.6.1-9ubuntu3) 
configure:2925: $? = 0
configure:2914: g++ -V >&5
g++: error: unrecognized option '-V'
g++: fatal error: no input files
compilation terminated.
configure:2925: $? = 4
configure:2914: g++ -qversion >&5
g++: error: unrecognized option '-qversion'
g++: fatal error: no input files
compilation terminated.
configure:2925: $? = 4
configure:2945: checking whether the C++ compiler works
configure:2967: g++    conftest.cpp  >&5
configure:2971: $? = 0
configure:3019: result: yes
configure:3022: checking for C++ compiler default output file name
configure:3024: result: a.out
configure:3030: checking for suffix of executables
configure:3037: g++ -o conftest    conftest.cpp  >&5
configure:3041: $? = 0
configure:3063: result: 
configure:3085: checking whether we are cross compiling
configure:3093: g++ -o conftest    conftest.cpp  >&5
configure:3097: $? = 0
configure:3104: ./conftest
configure:3108: $? = 0
configure:3123: result: no
configure:3128: checking for suffix of object files
configure:3150: g++ -c   conftest.cpp >&5
configure:3154: $? = 0
configure:3175: result: o
configure:3179: checking whether we are using the GNU C++ compiler
configure:3198: g++ -c   conftest.cpp >&5
configure:3198: $? = 0
configure:3207: result: yes
configure:3216: checking whether g++ accepts -g
configure:3236: g++ -c -g  conftest.cpp >&5
configure:3236: $? = 0
configure:3277: result: yes
configure:3311: checking for style of include used by make
configure:3339: result: GNU
configure:3364: checking dependency style of g++
configure:3474: result: gcc3
configure:3534: checking for ranlib
configure:3550: found /usr/bin/ranlib
configure:3561: result: ranlib
configure:3632: checking for gcc
configure:3648: found /usr/bin/gcc
configure:3659: result: gcc
configure:3888: checking for C compiler version
configure:3897: gcc --version >&5
gcc (Ubuntu/Linaro 4.6.1-9ubuntu3) 4.6.1
Copyright (C) 2011 Free Software Foundation, Inc.
This is free software; see the source for copying conditions.  There is NO
warranty; not even for MERCHANTABILITY or FITNESS FOR A PARTICULAR PURPOSE.

configure:3908: $? = 0
configure:3897: gcc -v >&5
Using built-in specs.
COLLECT_GCC=gcc
COLLECT_LTO_WRAPPER=/usr/lib/gcc/i686-linux-gnu/4.6.1/lto-wrapper
Target: i686-linux-gnu
Configured with: ../src/configure -v --with-pkgversion='Ubuntu/Linaro 4.6.1-9ubuntu3' --with-bugurl=file:///usr/share/doc/gcc-4.6/README.Bugs --enable-languages=c,c++,fortran,objc,obj-c++,go --prefix=/usr --program-suffix=-4.6 --enable-shared --enable-linker-build-id --with-system-zlib --libexecdir=/usr/lib --without-included-gettext --enable-threads=posix --with-gxx-include-dir=/usr/include/c++/4.6 --libdir=/usr/lib --enable-nls --with-sysroot=/ --enable-clocale=gnu --enable-libstdcxx-debug --enable-libstdcxx-time=yes --enable-plugin --enable-objc-gc --enable-targets=all --disable-werror --with-arch-32=i686 --with-tune=generic --enable-checking=release --build=i686-linux-gnu --host=i686-linux-gnu --target=i686-linux-gnu
Thread model: posix
gcc version 4.6.1 (Ubuntu/Linaro 4.6.1-9ubuntu3) 
configure:3908: $? = 0
configure:3897: gcc -V >&5
gcc: error: unrecognized option '-V'
gcc: fatal error: no input files
compilation terminated.
configure:3908: $? = 4
configure:3897: gcc -qversion >&5
gcc: error: unrecognized option '-qversion'
gcc: fatal error: no input files
compilation terminated.
configure:3908: $? = 4
configure:3912: checking whether we are using the GNU C compiler
configure:3931: gcc -c   conftest.c >&5
configure:3931: $? = 0
configure:3940: result: yes
configure:3949: checking whether gcc accepts -g
configure:3969: gcc -c -g  conftest.c >&5
configure:3969: $? = 0
configure:4010: result: yes
configure:4027: checking for gcc option to accept ISO C89
configure:4091: gcc  -c -g -O2  conftest.c >&5
configure:4091: $? = 0
configure:4104: result: none needed
configure:4126: checking dependency style of gcc
configure:4236: result: gcc3
configure:4257: checking how to run the C preprocessor
configure:4288: gcc -E  conftest.c
configure:4288: $? = 0
configure:4302: gcc -E  conftest.c
conftest.c:11:28: fatal error: ac_nonexistent.h: No such file or directory
compilation terminated.
configure:4302: $? = 1
configure: failed program was:
| /* confdefs.h */
| #define PACKAGE_NAME "libRTSPServer"
| #define PACKAGE_TARNAME "librtspserver"
| #define PACKAGE_VERSION "1.1"
| #define PACKAGE_STRING "libRTSPServer 1.1"
| #define PACKAGE_BUGREPORT ""
| #define PACKAGE_URL ""
| #define PACKAGE "librtspserver"
| #define VERSION "1.1"
| /* end confdefs.h.  */
| #include <ac_nonexistent.h>
configure:4327: result: gcc -E
configure:4347: gcc -E  conftest.c
configure:4347: $? = 0
configure:4361: gcc -E  conftest.c
conftest.c:11:28: fatal error: ac_nonexistent.h: No such file or directory
compilation terminated.
configure:4361: $? = 1
configure: failed program was:
| /* confdefs.h */
| #define PACKAGE_NAME "libRTSPServer"
| #define PACKAGE_TARNAME "librtspserver"
| #define PACKAGE_VERSION "1.1"
| #define PACKAGE_STRING "libRTSPServer 1.1"
| #define PACKAGE_BUGREPORT ""
| #define PACKAGE_URL ""
| #define PACKAGE "librtspserver"
| #define VERSION "1.1"
| /* end confdefs.h.  */
| #include <ac_nonexistent.h>
configure:4390: checking for grep that handles long lines and -e
configure:4448: result: /bin/grep
configure:4453: checking for egrep
configure:4515: result: /bin/grep -E
configure:4520: checking for ANSI C header files
configure:4540: gcc -c -g -O2  conftest.c >&5
configure:4540: $? = 0
configure:4613: gcc -o conftest -g -O2   conftest.c  >&5
configure:4613: $? = 0
configure:4613: ./conftest
configure:4613: $? = 0
configure:4624: result: yes
configure:4637: checking for sys/types.h
configure:4637: gcc -c -g -O2  conftest.c >&5
configure:4637: $? = 0
configure:4637: result: yes
configure:4637: checking for sys/stat.h
configure:4637: gcc -c -g -O2  conftest.c >&5
configure:4637: $? = 0
configure:4637: result: yes
configure:4637: checking for stdlib.h
configure:4637: gcc -c -g -O2  conftest.c >&5
configure:4637: $? = 0
configure:4637: result: yes
configure:4637: checking for string.h
configure:4637: gcc -c -g -O2  conftest.c >&5
configure:4637: $? = 0
configure:4637: result: yes
configure:4637: checking for memory.h
configure:4637: gcc -c -g -O2  conftest.c >&5
configure:4637: $? = 0
configure:4637: result: yes
configure:4637: checking for strings.h
configure:4637: gcc -c -g -O2  conftest.c >&5
configure:4637: $? = 0
configure:4637: result: yes
configure:4637: checking for inttypes.h
configure:4637: gcc -c -g -O2  conftest.c >&5
configure:4637: $? = 0
configure:4637: result: yes
configure:4637: checking for stdint.h
configure:4637: gcc -c -g -O2  conftest.c >&5
configure:4637: $? = 0
configure:4637: result: yes
configure:4637: checking for unistd.h
configure:4637: gcc -c -g -O2  conftest.c >&5
configure:4637: $? = 0
configure:4637: result: yes
configure:4652: checking arpa/inet.h usability
configure:4652: gcc -c -g -O2  conftest.c >&5
configure:4652: $? = 0
configure:4652: result: yes
configure:4652: checking arpa/inet.h presence
configure:4652: gcc -E  conftest.c
configure:4652: $? = 0
configure:4652: result: yes
configure:4652: checking for arpa/inet.h
configure:4652: result: yes
configure:4652: checking fcntl.h usability
configure:4652: gcc -c -g -O2  conftest.c >&5
configure:4652: $? = 0
configure:4652: result: yes
configure:4652: checking fcntl.h presence
configure:4652: gcc -E  conftest.c
configure:4652: $? = 0
configure:4652: result: yes
configure:4652: checking for fcntl.h
configure:4652: result: yes
configure:4652: checking locale.h usability
configure:4652: gcc -c -g -O2  conftest.c >&5
configure:4652: $? = 0
configure:4652: result: yes
configure:4652: checking locale.h presence
configure:4652: gcc -E  conftest.c
configure:4652: $? = 0
configure:4652: result: yes
configure:4652: checking for locale.h
configure:4652: result: yes
configure:4652: checking netdb.h usability
configure:4652: gcc -c -g -O2  conftest.c >&5
configure:4652: $? = 0
configure:4652: result: yes
configure:4652: checking netdb.h presence
configure:4652: gcc -E  conftest.c
configure:4652: $? = 0
configure:4652: result: yes
configure:4652: checking for netdb.h
configure:4652: result: yes
configure:4652: checking netinet/in.h usability
configure:4652: gcc -c -g -O2  conftest.c >&5
configure:4652: $? = 0
configure:4652: result: yes
configure:4652: checking netinet/in.h presence
configure:4652: gcc -E  conftest.c
configure:4652: $? = 0
configure:4652: result: yes
configure:4652: checking for netinet/in.h
configure:4652: result: yes
configure:4652: checking stddef.h usability
configure:4652: gcc -c -g -O2  conftest.c >&5
configure:4652: $? = 0
configure:4652: result: yes
configure:4652: checking stddef.h presence
configure:4652: gcc -E  conftest.c
configure:4652: $? = 0
configure:4652: result: yes
configure:4652: checking for stddef.h
configure:4652: result: yes
configure:4652: checking for stdlib.h
configure:4652: result: yes
configure:4652: checking for string.h
configure:4652: result: yes
configure:4652: checking for strings.h
configure:4652: result: yes
configure:4652: checking sys/socket.h usability
configure:4652: gcc -c -g -O2  conftest.c >&5
configure:4652: $? = 0
configure:4652: result: yes
configure:4652: checking sys/socket.h presence
configure:4652: gcc -E  conftest.c
configure:4652: $? = 0
configure:4652: result: yes
configure:4652: checking for sys/socket.h
configure:4652: result: yes
configure:4652: checking sys/time.h usability
configure:4652: gcc -c -g -O2  conftest.c >&5
configure:4652: $? = 0
configure:4652: result: yes
configure:4652: checking sys/time.h presence
configure:4652: gcc -E  conftest.c
configure:4652: $? = 0
configure:4652: result: yes
configure:4652: checking for sys/time.h
configure:4652: result: yes
configure:4652: checking sys/timeb.h usability
configure:4652: gcc -c -g -O2  conftest.c >&5
configure:4652: $? = 0
configure:4652: result: yes
configure:4652: checking sys/timeb.h presence
configure:4652: gcc -E  conftest.c
configure:4652: $? = 0
configure:4652: result: yes
configure:4652: checking for sys/timeb.h
configure:4652: result: yes
configure:4652: checking for unistd.h
configure:4652: result: yes
configure:4664: checking for inline
configure:4680: gcc -c -g -O2  conftest.c >&5
configure:4680: $? = 0
configure:4688: result: inline
configure:4706: checking for int64_t
configure:4706: gcc -c -g -O2  conftest.c >&5
configure:4706: $? = 0
configure:4706: gcc -c -g -O2  conftest.c >&5
conftest.c: In function 'main':
conftest.c:72:53: warning: integer overflow in expression [-Woverflow]
conftest.c:71:12: error: size of array 'test_array' is negative
conftest.c:71:12: error: storage size of 'test_array' isn't constant
configure:4706: $? = 1
configure: failed program was:
| /* confdefs.h */
| #define PACKAGE_NAME "libRTSPServer"
| #define PACKAGE_TARNAME "librtspserver"
| #define PACKAGE_VERSION "1.1"
| #define PACKAGE_STRING "libRTSPServer 1.1"
| #define PACKAGE_BUGREPORT ""
| #define PACKAGE_URL ""
| #define PACKAGE "librtspserver"
| #define VERSION "1.1"
| #define STDC_HEADERS 1
| #define HAVE_SYS_TYPES_H 1
| #define HAVE_SYS_STAT_H 1
| #define HAVE_STDLIB_H 1
| #define HAVE_STRING_H 1
| #define HAVE_MEMORY_H 1
| #define HAVE_STRINGS_H 1
| #define HAVE_INTTYPES_H 1
| #define HAVE_STDINT_H 1
| #define HAVE_UNISTD_H 1
| #define HAVE_ARPA_INET_H 1
| #define HAVE_FCNTL_H 1
| #define HAVE_LOCALE_H 1
| #define HAVE_NETDB_H 1
| #define HAVE_NETINET_IN_H 1
| #define HAVE_STDDEF_H 1
| #define HAVE_STDLIB_H 1
| #define HAVE_STRING_H 1
| #define HAVE_STRINGS_H 1
| #define HAVE_SYS_SOCKET_H 1
| #define HAVE_SYS_TIME_H 1
| #define HAVE_SYS_TIMEB_H 1
| #define HAVE_UNISTD_H 1
| /* end confdefs.h.  */
| #include <stdio.h>
| #ifdef HAVE_SYS_TYPES_H
| # include <sys/types.h>
| #endif
| #ifdef HAVE_SYS_STAT_H
| # include <sys/stat.h>
| #endif
| #ifdef STDC_HEADERS
| # include <stdlib.h>
| # include <stddef.h>
| #else
| # ifdef HAVE_STDLIB_H
| #  include <stdlib.h>
| # endif
| #endif
| #ifdef HAVE_STRING_H
| # if !defined STDC_HEADERS && defined HAVE_MEMORY_H
| #  include <memory.h>
| # endif
| # include <string.h>
| #endif
| #ifdef HAVE_STRINGS_H
| # include <strings.h>
| #endif
| #ifdef HAVE_INTTYPES_H
| # include <inttypes.h>
| #endif
| #ifdef HAVE_STDINT_H
| # include <stdint.h>
| #endif
| #ifdef HAVE_UNISTD_H
| # include <unistd.h>
| #endif
| 	        enum { N = 64 / 2 - 1 };
| int
| main ()
| {
| static int test_array [1 - 2 * !((int64_t) (((((int64_t) 1 << N) << N) - 1) * 2 + 1)
| 		 < (int64_t) (((((int64_t) 1 << N) << N) - 1) * 2 + 2))];
| test_array [0] = 0
| 
|   ;
|   return 0;
| }
configure:4706: result: yes
configure:4717: checking for off_t
configure:4717: gcc -c -g -O2  conftest.c >&5
configure:4717: $? = 0
configure:4717: gcc -c -g -O2  conftest.c >&5
conftest.c: In function 'main':
conftest.c:70:20: error: expected expression before ')' token
configure:4717: $? = 1
configure: failed program was:
| /* confdefs.h */
| #define PACKAGE_NAME "libRTSPServer"
| #define PACKAGE_TARNAME "librtspserver"
| #define PACKAGE_VERSION "1.1"
| #define PACKAGE_STRING "libRTSPServer 1.1"
| #define PACKAGE_BUGREPORT ""
| #define PACKAGE_URL ""
| #define PACKAGE "librtspserver"
| #define VERSION "1.1"
| #define STDC_HEADERS 1
| #define HAVE_SYS_TYPES_H 1
| #define HAVE_SYS_STAT_H 1
| #define HAVE_STDLIB_H 1
| #define HAVE_STRING_H 1
| #define HAVE_MEMORY_H 1
| #define HAVE_STRINGS_H 1
| #define HAVE_INTTYPES_H 1
| #define HAVE_STDINT_H 1
| #define HAVE_UNISTD_H 1
| #define HAVE_ARPA_INET_H 1
| #define HAVE_FCNTL_H 1
| #define HAVE_LOCALE_H 1
| #define HAVE_NETDB_H 1
| #define HAVE_NETINET_IN_H 1
| #define HAVE_STDDEF_H 1
| #define HAVE_STDLIB_H 1
| #define HAVE_STRING_H 1
| #define HAVE_STRINGS_H 1
| #define HAVE_SYS_SOCKET_H 1
| #define HAVE_SYS_TIME_H 1
| #define HAVE_SYS_TIMEB_H 1
| #define HAVE_UNISTD_H 1
| /* end confdefs.h.  */
| #include <stdio.h>
| #ifdef HAVE_SYS_TYPES_H
| # include <sys/types.h>
| #endif
| #ifdef HAVE_SYS_STAT_H
| # include <sys/stat.h>
| #endif
| #ifdef STDC_HEADERS
| # include <stdlib.h>
| # include <stddef.h>
| #else
| # ifdef HAVE_STDLIB_H
| #  include <stdlib.h>
| # endif
| #endif
| #ifdef HAVE_STRING_H
| # if !defined STDC_HEADERS && defined HAVE_MEMORY_H
| #  include <memory.h>
| # endif
| # include <string.h>
| #endif
| #ifdef HAVE_STRINGS_H
| # include <strings.h>
| #endif
| #ifdef HAVE_INTTYPES_H
| # include <inttypes.h>
| #endif
| #ifdef HAVE_STDINT_H
| # include <stdint.h>
| #endif
| #ifdef HAVE_UNISTD_H
| # include <unistd.h>
| #endif
| int
| main ()
| {
| if (sizeof ((off_t)))
| 	    return 0;
|   ;
|   return 0;
| }
configure:4717: result: yes
configure:4728: checking for size_t
configure:4728: gcc -c -g -O2  conftest.c >&5
configure:4728: $? = 0
configure:4728: gcc -c -g -O2  conftest.c >&5
conftest.c: In function 'main':
conftest.c:70:21: error: expected expression before ')' token
configure:4728: $? = 1
configure: failed program was:
| /* confdefs.h */
| #define PACKAGE_NAME "libRTSPServer"
| #define PACKAGE_TARNAME "librtspserver"
| #define PACKAGE_VERSION "1.1"
| #define PACKAGE_STRING "libRTSPServer 1.1"
| #define PACKAGE_BUGREPORT ""
| #define PACKAGE_URL ""
| #define PACKAGE "librtspserver"
| #define VERSION "1.1"
| #define STDC_HEADERS 1
| #define HAVE_SYS_TYPES_H 1
| #define HAVE_SYS_STAT_H 1
| #define HAVE_STDLIB_H 1
| #define HAVE_STRING_H 1
| #define HAVE_MEMORY_H 1
| #define HAVE_STRINGS_H 1
| #define HAVE_INTTYPES_H 1
| #define HAVE_STDINT_H 1
| #define HAVE_UNISTD_H 1
| #define HAVE_ARPA_INET_H 1
| #define HAVE_FCNTL_H 1
| #define HAVE_LOCALE_H 1
| #define HAVE_NETDB_H 1
| #define HAVE_NETINET_IN_H 1
| #define HAVE_STDDEF_H 1
| #define HAVE_STDLIB_H 1
| #define HAVE_STRING_H 1
| #define HAVE_STRINGS_H 1
| #define HAVE_SYS_SOCKET_H 1
| #define HAVE_SYS_TIME_H 1
| #define HAVE_SYS_TIMEB_H 1
| #define HAVE_UNISTD_H 1
| /* end confdefs.h.  */
| #include <stdio.h>
| #ifdef HAVE_SYS_TYPES_H
| # include <sys/types.h>
| #endif
| #ifdef HAVE_SYS_STAT_H
| # include <sys/stat.h>
| #endif
| #ifdef STDC_HEADERS
| # include <stdlib.h>
| # include <stddef.h>
| #else
| # ifdef HAVE_STDLIB_H
| #  include <stdlib.h>
| # endif
| #endif
| #ifdef HAVE_STRING_H
| # if !defined STDC_HEADERS && defined HAVE_MEMORY_H
| #  include <memory.h>
| # endif
| # include <string.h>
| #endif
| #ifdef HAVE_STRINGS_H
| # include <strings.h>
| #endif
| #ifdef HAVE_INTTYPES_H
| # include <inttypes.h>
| #endif
| #ifdef HAVE_STDINT_H
| # include <stdint.h>
| #endif
| #ifdef HAVE_UNISTD_H
| # include <unistd.h>
| #endif
| int
| main ()
| {
| if (sizeof ((size_t)))
| 	    return 0;
|   ;
|   return 0;
| }
configure:4728: result: yes
configure:4739: checking for stdbool.h that conforms to C99
configure:4806: gcc -c -g -O2  conftest.c >&5
configure:4806: $? = 0
configure:4813: result: yes
configure:4815: checking for _Bool
configure:4815: gcc -c -g -O2  conftest.c >&5
configure:4815: $? = 0
configure:4815: gcc -c -g -O2  conftest.c >&5
conftest.c: In function 'main':
conftest.c:70:20: error: expected expression before ')' token
configure:4815: $? = 1
configure: failed program was:
| /* confdefs.h */
| #define PACKAGE_NAME "libRTSPServer"
| #define PACKAGE_TARNAME "librtspserver"
| #define PACKAGE_VERSION "1.1"
| #define PACKAGE_STRING "libRTSPServer 1.1"
| #define PACKAGE_BUGREPORT ""
| #define PACKAGE_URL ""
| #define PACKAGE "librtspserver"
| #define VERSION "1.1"
| #define STDC_HEADERS 1
| #define HAVE_SYS_TYPES_H 1
| #define HAVE_SYS_STAT_H 1
| #define HAVE_STDLIB_H 1
| #define HAVE_STRING_H 1
| #define HAVE_MEMORY_H 1
| #define HAVE_STRINGS_H 1
| #define HAVE_INTTYPES_H 1
| #define HAVE_STDINT_H 1
| #define HAVE_UNISTD_H 1
| #define HAVE_ARPA_INET_H 1
| #define HAVE_FCNTL_H 1
| #define HAVE_LOCALE_H 1
| #define HAVE_NETDB_H 1
| #define HAVE_NETINET_IN_H 1
| #define HAVE_STDDEF_H 1
| #define HAVE_STDLIB_H 1
| #define HAVE_STRING_H 1
| #define HAVE_STRINGS_H 1
| #define HAVE_SYS_SOCKET_H 1
| #define HAVE_SYS_TIME_H 1
| #define HAVE_SYS_TIMEB_H 1
| #define HAVE_UNISTD_H 1
| /* end confdefs.h.  */
| #include <stdio.h>
| #ifdef HAVE_SYS_TYPES_H
| # include <sys/types.h>
| #endif
| #ifdef HAVE_SYS_STAT_H
| # include <sys/stat.h>
| #endif
| #ifdef STDC_HEADERS
| # include <stdlib.h>
| # include <stddef.h>
| #else
| # ifdef HAVE_STDLIB_H
| #  include <stdlib.h>
| # endif
| #endif
| #ifdef HAVE_STRING_H
| # if !defined STDC_HEADERS && defined HAVE_MEMORY_H
| #  include <memory.h>
| # endif
| # include <string.h>
| #endif
| #ifdef HAVE_STRINGS_H
| # include <strings.h>
| #endif
| #ifdef HAVE_INTTYPES_H
| # include <inttypes.h>
| #endif
| #ifdef HAVE_STDINT_H
| # include <stdint.h>
| #endif
| #ifdef HAVE_UNISTD_H
| # include <unistd.h>
| #endif
| int
| main ()
| {
| if (sizeof ((_Bool)))
| 	    return 0;
|   ;
|   return 0;
| }
configure:4815: result: yes
configure:4833: checking for error_at_line
configure:4849: gcc -o conftest -g -O2   conftest.c  >&5
configure:4849: $? = 0
configure:4857: result: yes
configure:4868: checking for _LARGEFILE_SOURCE value needed for large files
configure:4887: gcc -o conftest -g -O2   conftest.c  >&5
configure:4887: $? = 0
configure:4915: result: no
configure:4938: checking for stdlib.h
configure:4938: result: yes
configure:4948: checking for GNU libc compatible malloc
configure:4972: gcc -o conftest -g -O2   conftest.c  >&5
configure:4972: $? = 0
configure:4972: ./conftest
configure:4972: $? = 0
configure:4982: result: yes
configure:5006: checking for ftime
configure:5006: gcc -o conftest -g -O2   conftest.c  >&5
configure:5006: $? = 0
configure:5006: result: yes
configure:5006: checking for gethostbyaddr
configure:5006: gcc -o conftest -g -O2   conftest.c  >&5
configure:5006: $? = 0
configure:5006: result: yes
configure:5006: checking for gethostbyname
configure:5006: gcc -o conftest -g -O2   conftest.c  >&5
configure:5006: $? = 0
configure:5006: result: yes
configure:5006: checking for gethostname
configure:5006: gcc -o conftest -g -O2   conftest.c  >&5
configure:5006: $? = 0
configure:5006: result: yes
configure:5006: checking for gettimeofday
configure:5006: gcc -o conftest -g -O2   conftest.c  >&5
configure:5006: $? = 0
configure:5006: result: yes
configure:5006: checking for inet_ntoa
configure:5006: gcc -o conftest -g -O2   conftest.c  >&5
configure:5006: $? = 0
configure:5006: result: yes
configure:5006: checking for memmove
configure:5006: gcc -o conftest -g -O2   conftest.c  >&5
conftest.c:68:6: warning: conflicting types for built-in function 'memmove' [enabled by default]
configure:5006: $? = 0
configure:5006: result: yes
configure:5006: checking for memset
configure:5006: gcc -o conftest -g -O2   conftest.c  >&5
conftest.c:69:6: warning: conflicting types for built-in function 'memset' [enabled by default]
configure:5006: $? = 0
configure:5006: result: yes
configure:5006: checking for select
configure:5006: gcc -o conftest -g -O2   conftest.c  >&5
configure:5006: $? = 0
configure:5006: result: yes
configure:5006: checking for setlocale
configure:5006: gcc -o conftest -g -O2   conftest.c  >&5
configure:5006: $? = 0
configure:5006: result: yes
configure:5006: checking for socket
configure:5006: gcc -o conftest -g -O2   conftest.c  >&5
configure:5006: $? = 0
configure:5006: result: yes
configure:5006: checking for strerror
configure:5006: gcc -o conftest -g -O2   conftest.c  >&5
configure:5006: $? = 0
configure:5006: result: yes
configure:5006: checking for strrchr
configure:5006: gcc -o conftest -g -O2   conftest.c  >&5
conftest.c:74:6: warning: conflicting types for built-in function 'strrchr' [enabled by default]
configure:5006: $? = 0
configure:5006: result: yes
configure:5188: creating ./config.status

## ---------------------- ##
## Running config.status. ##
## ---------------------- ##

This file was extended by libRTSPServer config.status 1.1, which was
generated by GNU Autoconf 2.68.  Invocation command line was

  CONFIG_FILES    = 
  CONFIG_HEADERS  = 
  CONFIG_LINKS    = 
  CONFIG_COMMANDS = 
  $ ./config.status 

on ubuntu

config.status:794: creating Makefile
config.status:966: executing depfiles commands

## ---------------- ##
## Cache variables. ##
## ---------------- ##

ac_cv_c_compiler_gnu=yes
ac_cv_c_inline=inline
ac_cv_c_int64_t=yes
ac_cv_cxx_compiler_gnu=yes
ac_cv_env_CCC_set=
ac_cv_env_CCC_value=
ac_cv_env_CC_set=
ac_cv_env_CC_value=
ac_cv_env_CFLAGS_set=
ac_cv_env_CFLAGS_value=
ac_cv_env_CPPFLAGS_set=
ac_cv_env_CPPFLAGS_value=
ac_cv_env_CPP_set=
ac_cv_env_CPP_value=
ac_cv_env_CXXFLAGS_set=
ac_cv_env_CXXFLAGS_value=
ac_cv_env_CXX_set=
ac_cv_env_CXX_value=
ac_cv_env_LDFLAGS_set=
ac_cv_env_LDFLAGS_value=
ac_cv_env_LIBS_set=
ac_cv_env_LIBS_value=
ac_cv_env_build_alias_set=
ac_cv_env_build_alias_value=
ac_cv_env_host_alias_set=
ac_cv_env_host_alias_value=
ac_cv_env_target_alias_set=
ac_cv_env_target_alias_value=
ac_cv_func_ftime=yes
ac_cv_func_gethostbyaddr=yes
ac_cv_func_gethostbyname=yes
ac_cv_func_gethostname=yes
ac_cv_func_gettimeofday=yes
ac_cv_func_inet_ntoa=yes
ac_cv_func_malloc_0_nonnull=yes
ac_cv_func_memmove=yes
ac_cv_func_memset=yes
ac_cv_func_select=yes
ac_cv_func_setlocale=yes
ac_cv_func_socket=yes
ac_cv_func_strerror=yes
ac_cv_func_strrchr=yes
ac_cv_header_arpa_inet_h=yes
ac_cv_header_fcntl_h=yes
ac_cv_header_inttypes_h=yes
ac_cv_header_locale_h=yes
ac_cv_header_memory_h=yes
ac_cv_header_netdb_h=yes
ac_cv_header_netinet_in_h=yes
ac_cv_header_stdbool_h=yes
ac_cv_header_stdc=yes
ac_cv_header_stddef_h=yes
ac_cv_header_stdint_h=yes
ac_cv_header_stdlib_h=yes
ac_cv_header_string_h=yes
ac_cv_header_strings_h=yes
ac_cv_header_sys_socket_h=yes
ac_cv_header_sys_stat_h=yes
ac_cv_header_sys_time_h=yes
ac_cv_header_sys_timeb_h=yes
ac_cv_header_sys_types_h=yes
ac_cv_header_unistd_h=yes
ac_cv_lib_error_at_line=yes
ac_cv_objext=o
ac_cv_path_EGREP='/bin/grep -E'
ac_cv_path_GREP=/bin/grep
ac_cv_path_install='/usr/bin/install -c'
ac_cv_path_mkdir=/bin/mkdir
ac_cv_prog_AWK=mawk
ac_cv_prog_CPP='gcc -E'
ac_cv_prog_ac_ct_CC=gcc
ac_cv_prog_ac_ct_CXX=g++
ac_cv_prog_ac_ct_RANLIB=ranlib
ac_cv_prog_cc_c89=
ac_cv_prog_cc_g=yes
ac_cv_prog_cxx_g=yes
ac_cv_prog_make_make_set=yes
ac_cv_sys_largefile_source=no
ac_cv_type__Bool=yes
ac_cv_type_off_t=yes
ac_cv_type_size_t=yes
am_cv_CC_dependencies_compiler_type=gcc3
am_cv_CXX_dependencies_compiler_type=gcc3

## ----------------- ##
## Output variables. ##
## ----------------- ##

ACLOCAL='${SHELL} /home/shencheng/server/lib/missing --run aclocal-1.11'
AMDEPBACKSLASH='\'
AMDEP_FALSE='#'
AMDEP_TRUE=''
AMTAR='${SHELL} /home/shencheng/server/lib/missing --run tar'
AUTOCONF='${SHELL} /home/shencheng/server/lib/missing --run autoconf'
AUTOHEADER='${SHELL} /home/shencheng/server/lib/missing --run autoheader'
AUTOMAKE='${SHELL} /home/shencheng/server/lib/missing --run automake-1.11'
AWK='mawk'
CC='gcc'
CCDEPMODE='depmode=gcc3'
CFLAGS='-g -O2'
CPP='gcc -E'
CPPFLAGS=''
CXX='g++'
CXXDEPMODE='depmode=gcc3'
CXXFLAGS='-g -O2'
CYGPATH_W='echo'
DEFS='-DPACKAGE_NAME=\"libRTSPServer\" -DPACKAGE_TARNAME=\"librtspserver\" -DPACKAGE_VERSION=\"1.1\" -DPACKAGE_STRING=\"libRTSPServer\ 1.1\" -DPACKAGE_BUGREPORT=\"\" -DPACKAGE_URL=\"\" -DPACKAGE=\"librtspserver\" -DVERSION=\"1.1\" -DSTDC_HEADERS=1 -DHAVE_SYS_TYPES_H=1 -DHAVE_SYS_STAT_H=1 -DHAVE_STDLIB_H=1 -DHAVE_STRING_H=1 -DHAVE_MEMORY_H=1 -DHAVE_STRINGS_H=1 -DHAVE_INTTYPES_H=1 -DHAVE_STDINT_H=1 -DHAVE_UNISTD_H=1 -DHAVE_ARPA_INET_H=1 -DHAVE_FCNTL_H=1 -DHAVE_LOCALE_H=1 -DHAVE_NETDB_H=1 -DHAVE_NETINET_IN_H=1 -DHAVE_STDDEF_H=1 -DHAVE_STDLIB_H=1 -DHAVE_STRING_H=1 -DHAVE_STRINGS_H=1 -DHAVE_SYS_SOCKET_H=1 -DHAVE_SYS_TIME_H=1 -DHAVE_SYS_TIMEB_H=1 -DHAVE_UNISTD_H=1 -DHAVE__BOOL=1 -DHAVE_STDBOOL_H=1 -DHAVE_FSEEKO=1 -DHAVE_STDLIB_H=1 -DHAVE_MALLOC=1 -DHAVE_FTIME=1 -DHAVE_GETHOSTBYADDR=1 -DHAVE_GETHOSTBYNAME=1 -DHAVE_GETHOSTNAME=1 -DHAVE_GETTIMEOFDAY=1 -DHAVE_INET_NTOA=1 -DHAVE_MEMMOVE=1 -DHAVE_MEMSET=1 -DHAVE_SELECT=1 -DHAVE_SETLOCALE=1 -DHAVE_SOCKET=1 -DHAVE_STRERROR=1 -DHAVE_STRRCHR=1'
DEPDIR='.deps'
ECHO_C=''
ECHO_N='-n'
ECHO_T=''
EGREP='/bin/grep -E'
EXEEXT=''
GREP='/bin/grep'
INSTALL_DATA='${INSTALL} -m 644'
INSTALL_PROGRAM='${INSTALL}'
INSTALL_SCRIPT='${INSTALL}'
INSTALL_STRIP_PROGRAM='$(install_sh) -c -s'
LDFLAGS=''
LIBOBJS=''
LIBS=''
LTLIBOBJS=''
MAKEINFO='${SHELL} /home/shencheng/server/lib/missing --run makeinfo'
MKDIR_P='/bin/mkdir -p'
OBJEXT='o'
PACKAGE='librtspserver'
PACKAGE_BUGREPORT=''
PACKAGE_NAME='libRTSPServer'
PACKAGE_STRING='libRTSPServer 1.1'
PACKAGE_TARNAME='librtspserver'
PACKAGE_URL=''
PACKAGE_VERSION='1.1'
PATH_SEPARATOR=':'
RANLIB='ranlib'
SET_MAKE=''
SHELL='/bin/bash'
STRIP=''
VERSION='1.1'
ac_ct_CC='gcc'
ac_ct_CXX='g++'
am__EXEEXT_FALSE=''
am__EXEEXT_TRUE='#'
am__fastdepCC_FALSE='#'
am__fastdepCC_TRUE=''
am__fastdepCXX_FALSE='#'
am__fastdepCXX_TRUE=''
am__include='include'
am__isrc=''
am__leading_dot='.'
am__quote=''
am__tar='${AMTAR} chof - "$$tardir"'
am__untar='${AMTAR} xf -'
bindir='${exec_prefix}/bin'
build_alias=''
datadir='${datarootdir}'
datarootdir='${prefix}/share'
docdir='${datarootdir}/doc/${PACKAGE_TARNAME}'
dvidir='${docdir}'
exec_prefix='${prefix}'
host_alias=''
htmldir='${docdir}'
includedir='${prefix}/include'
infodir='${datarootdir}/info'
install_sh='${SHELL} /home/shencheng/server/lib/install-sh'
libdir='${exec_prefix}/lib'
libexecdir='${exec_prefix}/libexec'
localedir='${datarootdir}/locale'
localstatedir='${prefix}/var'
mandir='${datarootdir}/man'
mkdir_p='/bin/mkdir -p'
oldincludedir='/usr/include'
pdfdir='${docdir}'
prefix='/usr/local'
program_transform_name='s,x,x,'
psdir='${docdir}'
sbindir='${exec_prefix}/sbin'
sharedstatedir='${prefix}/com'
sysconfdir='${prefix}/etc'
target_alias=''

## ----------- ##
## confdefs.h. ##
## ----------- ##

/* confdefs.h */
#define PACKAGE_NAME "libRTSPServer"
#define PACKAGE_TARNAME "librtspserver"
#define PACKAGE_VERSION "1.1"
#define PACKAGE_STRING "libRTSPServer 1.1"
#define PACKAGE_BUGREPORT ""
#define PACKAGE_URL ""
#define PACKAGE "librtspserver"
#define VERSION "1.1"
#define STDC_HEADERS 1
#define HAVE_SYS_TYPES_H 1
#define HAVE_SYS_STAT_H 1
#define HAVE_STDLIB_H 1
#define HAVE_STRING_H 1
#define HAVE_MEMORY_H 1
#define HAVE_STRINGS_H 1
#define HAVE_INTTYPES_H 1
#define HAVE_STDINT_H 1
#define HAVE_UNISTD_H 1
#define HAVE_ARPA_INET_H 1
#define HAVE_FCNTL_H 1
#define HAVE_LOCALE_H 1
#define HAVE_NETDB_H 1
#define HAVE_NETINET_IN_H 1
#define HAVE_STDDEF_H 1
#define HAVE_STDLIB_H 1
#define HAVE_STRING_H 1
#define HAVE_STRINGS_H 1
#define HAVE_SYS_SOCKET_H 1
#define HAVE_SYS_TIME_H 1
#define HAVE_SYS_TIMEB_H 1
#define HAVE_UNISTD_H 1
#define HAVE__BOOL 1
#define HAVE_STDBOOL_H 1
#define HAVE_FSEEKO 1
#define HAVE_STDLIB_H 1
#define HAVE_MALLOC 1
#define HAVE_FTIME 1
#define HAVE_GETHOSTBYADDR 1
#define HAVE_GETHOSTBYNAME 1
#define HAVE_GETHOSTNAME 1
#define HAVE_GETTIMEOFDAY 1
#define HAVE_INET_NTOA 1
#define HAVE_MEMMOVE 1
#define HAVE_MEMSET 1
#define HAVE_SELECT 1
#define HAVE_SETLOCALE 1
#define HAVE_SOCKET 1
#define HAVE_STRERROR 1
#define HAVE_STRRCHR 1

configure: exit 0
