This file contains any messages produced by compilers while
running configure, to aid debugging if configure makes a mistake.

It was created by libRTSPClient configure 1.1, which was
generated by GNU Autoconf 2.68.  Invocation command line was

  $ ./configure 

## --------- ##
## Platform. ##
## --------- ##

hostname = ubuntu
uname -m = i686
uname -r = 3.0.0-14-generic
uname -s = Linux
uname -v = #23-Ubuntu SMP Mon Nov 21 20:34:47 UTC 2011

/usr/bin/uname -p = unknown
/bin/uname -X     = unknown

/bin/arch              = unknown
/usr/bin/arch -k       = unknown
/usr/convex/getsysinfo = unknown
/usr/bin/hostinfo      = unknown
/bin/machine           = unknown
/usr/bin/oslevel       = unknown
/bin/universe          = unknown

PATH: /usr/lib/lightdm/lightdm
PATH: /usr/local/sbin
PATH: /usr/local/bin
PATH: /usr/sbin
PATH: /usr/bin
PATH: /sbin
PATH: /bin
PATH: /usr/games


## ----------- ##
## Core tests. ##
## ----------- ##

configure:2330: checking for a BSD-compatible install
configure:2398: result: /usr/bin/install -c
configure:2409: checking whether build environment is sane
configure:2459: result: yes
configure:2600: checking for a thread-safe mkdir -p
configure:2639: result: /bin/mkdir -p
configure:2652: checking for gawk
configure:2682: result: no
configure:2652: checking for mawk
configure:2668: found /usr/bin/mawk
configure:2679: result: mawk
configure:2690: checking whether make sets $(MAKE)
configure:2712: result: yes
configure:2852: checking for g++
configure:2868: found /usr/bin/g++
configure:2879: result: g++
configure:2906: checking for C++ compiler version
configure:2915: g++ --version >&5
g++ (Ubuntu/Linaro 4.6.1-9ubuntu3) 4.6.1
Copyright (C) 2011 Free Software Foundation, Inc.
This is free software; see the source for copying conditions.  There is NO
warranty; not even for MERCHANTABILITY or FITNESS FOR A PARTICULAR PURPOSE.

configure:2926: $? = 0
configure:2915: g++ -v >&5
Using built-in specs.
COLLECT_GCC=g++
COLLECT_LTO_WRAPPER=/usr/lib/gcc/i686-linux-gnu/4.6.1/lto-wrapper
Target: i686-linux-gnu
Configured with: ../src/configure -v --with-pkgversion='Ubuntu/Linaro 4.6.1-9ubuntu3' --with-bugurl=file:///usr/share/doc/gcc-4.6/README.Bugs --enable-languages=c,c++,fortran,objc,obj-c++,go --prefix=/usr --program-suffix=-4.6 --enable-shared --enable-linker-build-id --with-system-zlib --libexecdir=/usr/lib --without-included-gettext --enable-threads=posix --with-gxx-include-dir=/usr/include/c++/4.6 --libdir=/usr/lib --enable-nls --with-sysroot=/ --enable-clocale=gnu --enable-libstdcxx-debug --enable-libstdcxx-time=yes --enable-plugin --enable-objc-gc --enable-targets=all --disable-werror --with-arch-32=i686 --with-tune=generic --enable-checking=release --build=i686-linux-gnu --host=i686-linux-gnu --target=i686-linux-gnu
Thread model: posix
gcc version 4.6.1 (Ubuntu/Linaro 4.6.1-9ubuntu3) 
configure:2926: $? = 0
configure:2915: g++ -V >&5
g++: error: unrecognized option '-V'
g++: fatal error: no input files
compilation terminated.
configure:2926: $? = 4
configure:2915: g++ -qversion >&5
g++: error: unrecognized option '-qversion'
g++: fatal error: no input files
compilation terminated.
configure:2926: $? = 4
configure:2946: checking whether the C++ compiler works
configure:2968: g++    conftest.cpp  >&5
configure:2972: $? = 0
configure:3020: result: yes
configure:3023: checking for C++ compiler default output file name
configure:3025: result: a.out
configure:3031: checking for suffix of executables
configure:3038: g++ -o conftest    conftest.cpp  >&5
configure:3042: $? = 0
configure:3064: result: 
configure:3086: checking whether we are cross compiling
configure:3094: g++ -o conftest    conftest.cpp  >&5
configure:3098: $? = 0
configure:3105: ./conftest
configure:3109: $? = 0
configure:3124: result: no
configure:3129: checking for suffix of object files
configure:3151: g++ -c   conftest.cpp >&5
configure:3155: $? = 0
configure:3176: result: o
configure:3180: checking whether we are using the GNU C++ compiler
configure:3199: g++ -c   conftest.cpp >&5
configure:3199: $? = 0
configure:3208: result: yes
configure:3217: checking whether g++ accepts -g
configure:3237: g++ -c -g  conftest.cpp >&5
configure:3237: $? = 0
configure:3278: result: yes
configure:3312: checking for style of include used by make
configure:3340: result: GNU
configure:3365: checking dependency style of g++
configure:3475: result: gcc3
configure:3540: checking for gcc
configure:3556: found /usr/bin/gcc
configure:3567: result: gcc
configure:3796: checking for C compiler version
configure:3805: gcc --version >&5
gcc (Ubuntu/Linaro 4.6.1-9ubuntu3) 4.6.1
Copyright (C) 2011 Free Software Foundation, Inc.
This is free software; see the source for copying conditions.  There is NO
warranty; not even for MERCHANTABILITY or FITNESS FOR A PARTICULAR PURPOSE.

configure:3816: $? = 0
configure:3805: gcc -v >&5
Using built-in specs.
COLLECT_GCC=gcc
COLLECT_LTO_WRAPPER=/usr/lib/gcc/i686-linux-gnu/4.6.1/lto-wrapper
Target: i686-linux-gnu
Configured with: ../src/configure -v --with-pkgversion='Ubuntu/Linaro 4.6.1-9ubuntu3' --with-bugurl=file:///usr/share/doc/gcc-4.6/README.Bugs --enable-languages=c,c++,fortran,objc,obj-c++,go --prefix=/usr --program-suffix=-4.6 --enable-shared --enable-linker-build-id --with-system-zlib --libexecdir=/usr/lib --without-included-gettext --enable-threads=posix --with-gxx-include-dir=/usr/include/c++/4.6 --libdir=/usr/lib --enable-nls --with-sysroot=/ --enable-clocale=gnu --enable-libstdcxx-debug --enable-libstdcxx-time=yes --enable-plugin --enable-objc-gc --enable-targets=all --disable-werror --with-arch-32=i686 --with-tune=generic --enable-checking=release --build=i686-linux-gnu --host=i686-linux-gnu --target=i686-linux-gnu
Thread model: posix
gcc version 4.6.1 (Ubuntu/Linaro 4.6.1-9ubuntu3) 
configure:3816: $? = 0
configure:3805: gcc -V >&5
gcc: error: unrecognized option '-V'
gcc: fatal error: no input files
compilation terminated.
configure:3816: $? = 4
configure:3805: gcc -qversion >&5
gcc: error: unrecognized option '-qversion'
gcc: fatal error: no input files
compilation terminated.
configure:3816: $? = 4
configure:3820: checking whether we are using the GNU C compiler
configure:3839: gcc -c   conftest.c >&5
configure:3839: $? = 0
configure:3848: result: yes
configure:3857: checking whether gcc accepts -g
configure:3877: gcc -c -g  conftest.c >&5
configure:3877: $? = 0
configure:3918: result: yes
configure:3935: checking for gcc option to accept ISO C89
configure:3999: gcc  -c -g -O2  conftest.c >&5
configure:3999: $? = 0
configure:4012: result: none needed
configure:4034: checking dependency style of gcc
configure:4144: result: gcc3
configure:4160: checking for pthread_create in -lpthread
configure:4185: gcc -o conftest -g -O2   conftest.c -lpthread   >&5
configure:4185: $? = 0
configure:4194: result: yes
configure:4248: checking for ranlib
configure:4264: found /usr/bin/ranlib
configure:4275: result: ranlib
configure:4303: checking how to run the C preprocessor
configure:4334: gcc -E  conftest.c
configure:4334: $? = 0
configure:4348: gcc -E  conftest.c
conftest.c:12:28: fatal error: ac_nonexistent.h: No such file or directory
compilation terminated.
configure:4348: $? = 1
configure: failed program was:
| /* confdefs.h */
| #define PACKAGE_NAME "libRTSPClient"
| #define PACKAGE_TARNAME "librtspclient"
| #define PACKAGE_VERSION "1.1"
| #define PACKAGE_STRING "libRTSPClient 1.1"
| #define PACKAGE_BUGREPORT ""
| #define PACKAGE_URL ""
| #define PACKAGE "librtspclient"
| #define VERSION "1.1"
| #define HAVE_LIBPTHREAD 1
| /* end confdefs.h.  */
| #include <ac_nonexistent.h>
configure:4373: result: gcc -E
configure:4393: gcc -E  conftest.c
configure:4393: $? = 0
configure:4407: gcc -E  conftest.c
conftest.c:12:28: fatal error: ac_nonexistent.h: No such file or directory
compilation terminated.
configure:4407: $? = 1
configure: failed program was:
| /* confdefs.h */
| #define PACKAGE_NAME "libRTSPClient"
| #define PACKAGE_TARNAME "librtspclient"
| #define PACKAGE_VERSION "1.1"
| #define PACKAGE_STRING "libRTSPClient 1.1"
| #define PACKAGE_BUGREPORT ""
| #define PACKAGE_URL ""
| #define PACKAGE "librtspclient"
| #define VERSION "1.1"
| #define HAVE_LIBPTHREAD 1
| /* end confdefs.h.  */
| #include <ac_nonexistent.h>
configure:4436: checking for grep that handles long lines and -e
configure:4494: result: /bin/grep
configure:4499: checking for egrep
configure:4561: result: /bin/grep -E
configure:4566: checking for ANSI C header files
configure:4586: gcc -c -g -O2  conftest.c >&5
configure:4586: $? = 0
configure:4659: gcc -o conftest -g -O2   conftest.c -lpthread  >&5
configure:4659: $? = 0
configure:4659: ./conftest
configure:4659: $? = 0
configure:4670: result: yes
configure:4683: checking for sys/types.h
configure:4683: gcc -c -g -O2  conftest.c >&5
configure:4683: $? = 0
configure:4683: result: yes
configure:4683: checking for sys/stat.h
configure:4683: gcc -c -g -O2  conftest.c >&5
configure:4683: $? = 0
configure:4683: result: yes
configure:4683: checking for stdlib.h
configure:4683: gcc -c -g -O2  conftest.c >&5
configure:4683: $? = 0
configure:4683: result: yes
configure:4683: checking for string.h
configure:4683: gcc -c -g -O2  conftest.c >&5
configure:4683: $? = 0
configure:4683: result: yes
configure:4683: checking for memory.h
configure:4683: gcc -c -g -O2  conftest.c >&5
configure:4683: $? = 0
configure:4683: result: yes
configure:4683: checking for strings.h
configure:4683: gcc -c -g -O2  conftest.c >&5
configure:4683: $? = 0
configure:4683: result: yes
configure:4683: checking for inttypes.h
configure:4683: gcc -c -g -O2  conftest.c >&5
configure:4683: $? = 0
configure:4683: result: yes
configure:4683: checking for stdint.h
configure:4683: gcc -c -g -O2  conftest.c >&5
configure:4683: $? = 0
configure:4683: result: yes
configure:4683: checking for unistd.h
configure:4683: gcc -c -g -O2  conftest.c >&5
configure:4683: $? = 0
configure:4683: result: yes
configure:4698: checking arpa/inet.h usability
configure:4698: gcc -c -g -O2  conftest.c >&5
configure:4698: $? = 0
configure:4698: result: yes
configure:4698: checking arpa/inet.h presence
configure:4698: gcc -E  conftest.c
configure:4698: $? = 0
configure:4698: result: yes
configure:4698: checking for arpa/inet.h
configure:4698: result: yes
configure:4698: checking fcntl.h usability
configure:4698: gcc -c -g -O2  conftest.c >&5
configure:4698: $? = 0
configure:4698: result: yes
configure:4698: checking fcntl.h presence
configure:4698: gcc -E  conftest.c
configure:4698: $? = 0
configure:4698: result: yes
configure:4698: checking for fcntl.h
configure:4698: result: yes
configure:4698: checking locale.h usability
configure:4698: gcc -c -g -O2  conftest.c >&5
configure:4698: $? = 0
configure:4698: result: yes
configure:4698: checking locale.h presence
configure:4698: gcc -E  conftest.c
configure:4698: $? = 0
configure:4698: result: yes
configure:4698: checking for locale.h
configure:4698: result: yes
configure:4698: checking netdb.h usability
configure:4698: gcc -c -g -O2  conftest.c >&5
configure:4698: $? = 0
configure:4698: result: yes
configure:4698: checking netdb.h presence
configure:4698: gcc -E  conftest.c
configure:4698: $? = 0
configure:4698: result: yes
configure:4698: checking for netdb.h
configure:4698: result: yes
configure:4698: checking netinet/in.h usability
configure:4698: gcc -c -g -O2  conftest.c >&5
configure:4698: $? = 0
configure:4698: result: yes
configure:4698: checking netinet/in.h presence
configure:4698: gcc -E  conftest.c
configure:4698: $? = 0
configure:4698: result: yes
configure:4698: checking for netinet/in.h
configure:4698: result: yes
configure:4698: checking stddef.h usability
configure:4698: gcc -c -g -O2  conftest.c >&5
configure:4698: $? = 0
configure:4698: result: yes
configure:4698: checking stddef.h presence
configure:4698: gcc -E  conftest.c
configure:4698: $? = 0
configure:4698: result: yes
configure:4698: checking for stddef.h
configure:4698: result: yes
configure:4698: checking for stdlib.h
configure:4698: result: yes
configure:4698: checking for string.h
configure:4698: result: yes
configure:4698: checking for strings.h
configure:4698: result: yes
configure:4698: checking sys/socket.h usability
configure:4698: gcc -c -g -O2  conftest.c >&5
configure:4698: $? = 0
configure:4698: result: yes
configure:4698: checking sys/socket.h presence
configure:4698: gcc -E  conftest.c
configure:4698: $? = 0
configure:4698: result: yes
configure:4698: checking for sys/socket.h
configure:4698: result: yes
configure:4698: checking sys/time.h usability
configure:4698: gcc -c -g -O2  conftest.c >&5
configure:4698: $? = 0
configure:4698: result: yes
configure:4698: checking sys/time.h presence
configure:4698: gcc -E  conftest.c
configure:4698: $? = 0
configure:4698: result: yes
configure:4698: checking for sys/time.h
configure:4698: result: yes
configure:4698: checking sys/timeb.h usability
configure:4698: gcc -c -g -O2  conftest.c >&5
configure:4698: $? = 0
configure:4698: result: yes
configure:4698: checking sys/timeb.h presence
configure:4698: gcc -E  conftest.c
configure:4698: $? = 0
configure:4698: result: yes
configure:4698: checking for sys/timeb.h
configure:4698: result: yes
configure:4698: checking for unistd.h
configure:4698: result: yes
configure:4710: checking for inline
configure:4726: gcc -c -g -O2  conftest.c >&5
configure:4726: $? = 0
configure:4734: result: inline
configure:4752: checking for int64_t
configure:4752: gcc -c -g -O2  conftest.c >&5
configure:4752: $? = 0
configure:4752: gcc -c -g -O2  conftest.c >&5
conftest.c: In function 'main':
conftest.c:73:53: warning: integer overflow in expression [-Woverflow]
conftest.c:72:12: error: size of array 'test_array' is negative
conftest.c:72:12: error: storage size of 'test_array' isn't constant
configure:4752: $? = 1
configure: failed program was:
| /* confdefs.h */
| #define PACKAGE_NAME "libRTSPClient"
| #define PACKAGE_TARNAME "librtspclient"
| #define PACKAGE_VERSION "1.1"
| #define PACKAGE_STRING "libRTSPClient 1.1"
| #define PACKAGE_BUGREPORT ""
| #define PACKAGE_URL ""
| #define PACKAGE "librtspclient"
| #define VERSION "1.1"
| #define HAVE_LIBPTHREAD 1
| #define STDC_HEADERS 1
| #define HAVE_SYS_TYPES_H 1
| #define HAVE_SYS_STAT_H 1
| #define HAVE_STDLIB_H 1
| #define HAVE_STRING_H 1
| #define HAVE_MEMORY_H 1
| #define HAVE_STRINGS_H 1
| #define HAVE_INTTYPES_H 1
| #define HAVE_STDINT_H 1
| #define HAVE_UNISTD_H 1
| #define HAVE_ARPA_INET_H 1
| #define HAVE_FCNTL_H 1
| #define HAVE_LOCALE_H 1
| #define HAVE_NETDB_H 1
| #define HAVE_NETINET_IN_H 1
| #define HAVE_STDDEF_H 1
| #define HAVE_STDLIB_H 1
| #define HAVE_STRING_H 1
| #define HAVE_STRINGS_H 1
| #define HAVE_SYS_SOCKET_H 1
| #define HAVE_SYS_TIME_H 1
| #define HAVE_SYS_TIMEB_H 1
| #define HAVE_UNISTD_H 1
| /* end confdefs.h.  */
| #include <stdio.h>
| #ifdef HAVE_SYS_TYPES_H
| # include <sys/types.h>
| #endif
| #ifdef HAVE_SYS_STAT_H
| # include <sys/stat.h>
| #endif
| #ifdef STDC_HEADERS
| # include <stdlib.h>
| # include <stddef.h>
| #else
| # ifdef HAVE_STDLIB_H
| #  include <stdlib.h>
| # endif
| #endif
| #ifdef HAVE_STRING_H
| # if !defined STDC_HEADERS && defined HAVE_MEMORY_H
| #  include <memory.h>
| # endif
| # include <string.h>
| #endif
| #ifdef HAVE_STRINGS_H
| # include <strings.h>
| #endif
| #ifdef HAVE_INTTYPES_H
| # include <inttypes.h>
| #endif
| #ifdef HAVE_STDINT_H
| # include <stdint.h>
| #endif
| #ifdef HAVE_UNISTD_H
| # include <unistd.h>
| #endif
| 	        enum { N = 64 / 2 - 1 };
| int
| main ()
| {
| static int test_array [1 - 2 * !((int64_t) (((((int64_t) 1 << N) << N) - 1) * 2 + 1)
| 		 < (int64_t) (((((int64_t) 1 << N) << N) - 1) * 2 + 2))];
| test_array [0] = 0
| 
|   ;
|   return 0;
| }
configure:4752: result: yes
configure:4763: checking for off_t
configure:4763: gcc -c -g -O2  conftest.c >&5
configure:4763: $? = 0
configure:4763: gcc -c -g -O2  conftest.c >&5
conftest.c: In function 'main':
conftest.c:71:20: error: expected expression before ')' token
configure:4763: $? = 1
configure: failed program was:
| /* confdefs.h */
| #define PACKAGE_NAME "libRTSPClient"
| #define PACKAGE_TARNAME "librtspclient"
| #define PACKAGE_VERSION "1.1"
| #define PACKAGE_STRING "libRTSPClient 1.1"
| #define PACKAGE_BUGREPORT ""
| #define PACKAGE_URL ""
| #define PACKAGE "librtspclient"
| #define VERSION "1.1"
| #define HAVE_LIBPTHREAD 1
| #define STDC_HEADERS 1
| #define HAVE_SYS_TYPES_H 1
| #define HAVE_SYS_STAT_H 1
| #define HAVE_STDLIB_H 1
| #define HAVE_STRING_H 1
| #define HAVE_MEMORY_H 1
| #define HAVE_STRINGS_H 1
| #define HAVE_INTTYPES_H 1
| #define HAVE_STDINT_H 1
| #define HAVE_UNISTD_H 1
| #define HAVE_ARPA_INET_H 1
| #define HAVE_FCNTL_H 1
| #define HAVE_LOCALE_H 1
| #define HAVE_NETDB_H 1
| #define HAVE_NETINET_IN_H 1
| #define HAVE_STDDEF_H 1
| #define HAVE_STDLIB_H 1
| #define HAVE_STRING_H 1
| #define HAVE_STRINGS_H 1
| #define HAVE_SYS_SOCKET_H 1
| #define HAVE_SYS_TIME_H 1
| #define HAVE_SYS_TIMEB_H 1
| #define HAVE_UNISTD_H 1
| /* end confdefs.h.  */
| #include <stdio.h>
| #ifdef HAVE_SYS_TYPES_H
| # include <sys/types.h>
| #endif
| #ifdef HAVE_SYS_STAT_H
| # include <sys/stat.h>
| #endif
| #ifdef STDC_HEADERS
| # include <stdlib.h>
| # include <stddef.h>
| #else
| # ifdef HAVE_STDLIB_H
| #  include <stdlib.h>
| # endif
| #endif
| #ifdef HAVE_STRING_H
| # if !defined STDC_HEADERS && defined HAVE_MEMORY_H
| #  include <memory.h>
| # endif
| # include <string.h>
| #endif
| #ifdef HAVE_STRINGS_H
| # include <strings.h>
| #endif
| #ifdef HAVE_INTTYPES_H
| # include <inttypes.h>
| #endif
| #ifdef HAVE_STDINT_H
| # include <stdint.h>
| #endif
| #ifdef HAVE_UNISTD_H
| # include <unistd.h>
| #endif
| int
| main ()
| {
| if (sizeof ((off_t)))
| 	    return 0;
|   ;
|   return 0;
| }
configure:4763: result: yes
configure:4774: checking for size_t
configure:4774: gcc -c -g -O2  conftest.c >&5
configure:4774: $? = 0
configure:4774: gcc -c -g -O2  conftest.c >&5
conftest.c: In function 'main':
conftest.c:71:21: error: expected expression before ')' token
configure:4774: $? = 1
configure: failed program was:
| /* confdefs.h */
| #define PACKAGE_NAME "libRTSPClient"
| #define PACKAGE_TARNAME "librtspclient"
| #define PACKAGE_VERSION "1.1"
| #define PACKAGE_STRING "libRTSPClient 1.1"
| #define PACKAGE_BUGREPORT ""
| #define PACKAGE_URL ""
| #define PACKAGE "librtspclient"
| #define VERSION "1.1"
| #define HAVE_LIBPTHREAD 1
| #define STDC_HEADERS 1
| #define HAVE_SYS_TYPES_H 1
| #define HAVE_SYS_STAT_H 1
| #define HAVE_STDLIB_H 1
| #define HAVE_STRING_H 1
| #define HAVE_MEMORY_H 1
| #define HAVE_STRINGS_H 1
| #define HAVE_INTTYPES_H 1
| #define HAVE_STDINT_H 1
| #define HAVE_UNISTD_H 1
| #define HAVE_ARPA_INET_H 1
| #define HAVE_FCNTL_H 1
| #define HAVE_LOCALE_H 1
| #define HAVE_NETDB_H 1
| #define HAVE_NETINET_IN_H 1
| #define HAVE_STDDEF_H 1
| #define HAVE_STDLIB_H 1
| #define HAVE_STRING_H 1
| #define HAVE_STRINGS_H 1
| #define HAVE_SYS_SOCKET_H 1
| #define HAVE_SYS_TIME_H 1
| #define HAVE_SYS_TIMEB_H 1
| #define HAVE_UNISTD_H 1
| /* end confdefs.h.  */
| #include <stdio.h>
| #ifdef HAVE_SYS_TYPES_H
| # include <sys/types.h>
| #endif
| #ifdef HAVE_SYS_STAT_H
| # include <sys/stat.h>
| #endif
| #ifdef STDC_HEADERS
| # include <stdlib.h>
| # include <stddef.h>
| #else
| # ifdef HAVE_STDLIB_H
| #  include <stdlib.h>
| # endif
| #endif
| #ifdef HAVE_STRING_H
| # if !defined STDC_HEADERS && defined HAVE_MEMORY_H
| #  include <memory.h>
| # endif
| # include <string.h>
| #endif
| #ifdef HAVE_STRINGS_H
| # include <strings.h>
| #endif
| #ifdef HAVE_INTTYPES_H
| # include <inttypes.h>
| #endif
| #ifdef HAVE_STDINT_H
| # include <stdint.h>
| #endif
| #ifdef HAVE_UNISTD_H
| # include <unistd.h>
| #endif
| int
| main ()
| {
| if (sizeof ((size_t)))
| 	    return 0;
|   ;
|   return 0;
| }
configure:4774: result: yes
configure:4785: checking for stdbool.h that conforms to C99
configure:4852: gcc -c -g -O2  conftest.c >&5
configure:4852: $? = 0
configure:4859: result: yes
configure:4861: checking for _Bool
configure:4861: gcc -c -g -O2  conftest.c >&5
configure:4861: $? = 0
configure:4861: gcc -c -g -O2  conftest.c >&5
conftest.c: In function 'main':
conftest.c:71:20: error: expected expression before ')' token
configure:4861: $? = 1
configure: failed program was:
| /* confdefs.h */
| #define PACKAGE_NAME "libRTSPClient"
| #define PACKAGE_TARNAME "librtspclient"
| #define PACKAGE_VERSION "1.1"
| #define PACKAGE_STRING "libRTSPClient 1.1"
| #define PACKAGE_BUGREPORT ""
| #define PACKAGE_URL ""
| #define PACKAGE "librtspclient"
| #define VERSION "1.1"
| #define HAVE_LIBPTHREAD 1
| #define STDC_HEADERS 1
| #define HAVE_SYS_TYPES_H 1
| #define HAVE_SYS_STAT_H 1
| #define HAVE_STDLIB_H 1
| #define HAVE_STRING_H 1
| #define HAVE_MEMORY_H 1
| #define HAVE_STRINGS_H 1
| #define HAVE_INTTYPES_H 1
| #define HAVE_STDINT_H 1
| #define HAVE_UNISTD_H 1
| #define HAVE_ARPA_INET_H 1
| #define HAVE_FCNTL_H 1
| #define HAVE_LOCALE_H 1
| #define HAVE_NETDB_H 1
| #define HAVE_NETINET_IN_H 1
| #define HAVE_STDDEF_H 1
| #define HAVE_STDLIB_H 1
| #define HAVE_STRING_H 1
| #define HAVE_STRINGS_H 1
| #define HAVE_SYS_SOCKET_H 1
| #define HAVE_SYS_TIME_H 1
| #define HAVE_SYS_TIMEB_H 1
| #define HAVE_UNISTD_H 1
| /* end confdefs.h.  */
| #include <stdio.h>
| #ifdef HAVE_SYS_TYPES_H
| # include <sys/types.h>
| #endif
| #ifdef HAVE_SYS_STAT_H
| # include <sys/stat.h>
| #endif
| #ifdef STDC_HEADERS
| # include <stdlib.h>
| # include <stddef.h>
| #else
| # ifdef HAVE_STDLIB_H
| #  include <stdlib.h>
| # endif
| #endif
| #ifdef HAVE_STRING_H
| # if !defined STDC_HEADERS && defined HAVE_MEMORY_H
| #  include <memory.h>
| # endif
| # include <string.h>
| #endif
| #ifdef HAVE_STRINGS_H
| # include <strings.h>
| #endif
| #ifdef HAVE_INTTYPES_H
| # include <inttypes.h>
| #endif
| #ifdef HAVE_STDINT_H
| # include <stdint.h>
| #endif
| #ifdef HAVE_UNISTD_H
| # include <unistd.h>
| #endif
| int
| main ()
| {
| if (sizeof ((_Bool)))
| 	    return 0;
|   ;
|   return 0;
| }
configure:4861: result: yes
configure:4879: checking for error_at_line
configure:4895: gcc -o conftest -g -O2   conftest.c -lpthread  >&5
configure:4895: $? = 0
configure:4903: result: yes
configure:4914: checking for _LARGEFILE_SOURCE value needed for large files
configure:4933: gcc -o conftest -g -O2   conftest.c -lpthread  >&5
configure:4933: $? = 0
configure:4961: result: no
configure:4984: checking for stdlib.h
configure:4984: result: yes
configure:4994: checking for GNU libc compatible malloc
configure:5018: gcc -o conftest -g -O2   conftest.c -lpthread  >&5
configure:5018: $? = 0
configure:5018: ./conftest
configure:5018: $? = 0
configure:5028: result: yes
configure:5052: checking for ftime
configure:5052: gcc -o conftest -g -O2   conftest.c -lpthread  >&5
configure:5052: $? = 0
configure:5052: result: yes
configure:5052: checking for gethostbyaddr
configure:5052: gcc -o conftest -g -O2   conftest.c -lpthread  >&5
configure:5052: $? = 0
configure:5052: result: yes
configure:5052: checking for gethostbyname
configure:5052: gcc -o conftest -g -O2   conftest.c -lpthread  >&5
configure:5052: $? = 0
configure:5052: result: yes
configure:5052: checking for gethostname
configure:5052: gcc -o conftest -g -O2   conftest.c -lpthread  >&5
configure:5052: $? = 0
configure:5052: result: yes
configure:5052: checking for gettimeofday
configure:5052: gcc -o conftest -g -O2   conftest.c -lpthread  >&5
configure:5052: $? = 0
configure:5052: result: yes
configure:5052: checking for inet_ntoa
configure:5052: gcc -o conftest -g -O2   conftest.c -lpthread  >&5
configure:5052: $? = 0
configure:5052: result: yes
configure:5052: checking for memmove
configure:5052: gcc -o conftest -g -O2   conftest.c -lpthread  >&5
conftest.c:69:6: warning: conflicting types for built-in function 'memmove' [enabled by default]
configure:5052: $? = 0
configure:5052: result: yes
configure:5052: checking for memset
configure:5052: gcc -o conftest -g -O2   conftest.c -lpthread  >&5
conftest.c:70:6: warning: conflicting types for built-in function 'memset' [enabled by default]
configure:5052: $? = 0
configure:5052: result: yes
configure:5052: checking for select
configure:5052: gcc -o conftest -g -O2   conftest.c -lpthread  >&5
configure:5052: $? = 0
configure:5052: result: yes
configure:5052: checking for setlocale
configure:5052: gcc -o conftest -g -O2   conftest.c -lpthread  >&5
configure:5052: $? = 0
configure:5052: result: yes
configure:5052: checking for socket
configure:5052: gcc -o conftest -g -O2   conftest.c -lpthread  >&5
configure:5052: $? = 0
configure:5052: result: yes
configure:5052: checking for strerror
configure:5052: gcc -o conftest -g -O2   conftest.c -lpthread  >&5
configure:5052: $? = 0
configure:5052: result: yes
configure:5234: creating ./config.status

## ---------------------- ##
## Running config.status. ##
## ---------------------- ##

This file was extended by libRTSPClient config.status 1.1, which was
generated by GNU Autoconf 2.68.  Invocation command line was

  CONFIG_FILES    = 
  CONFIG_HEADERS  = 
  CONFIG_LINKS    = 
  CONFIG_COMMANDS = 
  $ ./config.status 

on ubuntu

config.status:794: creating Makefile
config.status:966: executing depfiles commands

## ---------------- ##
## Cache variables. ##
## ---------------- ##

ac_cv_c_compiler_gnu=yes
ac_cv_c_inline=inline
ac_cv_c_int64_t=yes
ac_cv_cxx_compiler_gnu=yes
ac_cv_env_CCC_set=
ac_cv_env_CCC_value=
ac_cv_env_CC_set=
ac_cv_env_CC_value=
ac_cv_env_CFLAGS_set=
ac_cv_env_CFLAGS_value=
ac_cv_env_CPPFLAGS_set=
ac_cv_env_CPPFLAGS_value=
ac_cv_env_CPP_set=
ac_cv_env_CPP_value=
ac_cv_env_CXXFLAGS_set=
ac_cv_env_CXXFLAGS_value=
ac_cv_env_CXX_set=
ac_cv_env_CXX_value=
ac_cv_env_LDFLAGS_set=
ac_cv_env_LDFLAGS_value=
ac_cv_env_LIBS_set=
ac_cv_env_LIBS_value=
ac_cv_env_build_alias_set=
ac_cv_env_build_alias_value=
ac_cv_env_host_alias_set=
ac_cv_env_host_alias_value=
ac_cv_env_target_alias_set=
ac_cv_env_target_alias_value=
ac_cv_func_ftime=yes
ac_cv_func_gethostbyaddr=yes
ac_cv_func_gethostbyname=yes
ac_cv_func_gethostname=yes
ac_cv_func_gettimeofday=yes
ac_cv_func_inet_ntoa=yes
ac_cv_func_malloc_0_nonnull=yes
ac_cv_func_memmove=yes
ac_cv_func_memset=yes
ac_cv_func_select=yes
ac_cv_func_setlocale=yes
ac_cv_func_socket=yes
ac_cv_func_strerror=yes
ac_cv_header_arpa_inet_h=yes
ac_cv_header_fcntl_h=yes
ac_cv_header_inttypes_h=yes
ac_cv_header_locale_h=yes
ac_cv_header_memory_h=yes
ac_cv_header_netdb_h=yes
ac_cv_header_netinet_in_h=yes
ac_cv_header_stdbool_h=yes
ac_cv_header_stdc=yes
ac_cv_header_stddef_h=yes
ac_cv_header_stdint_h=yes
ac_cv_header_stdlib_h=yes
ac_cv_header_string_h=yes
ac_cv_header_strings_h=yes
ac_cv_header_sys_socket_h=yes
ac_cv_header_sys_stat_h=yes
ac_cv_header_sys_time_h=yes
ac_cv_header_sys_timeb_h=yes
ac_cv_header_sys_types_h=yes
ac_cv_header_unistd_h=yes
ac_cv_lib_error_at_line=yes
ac_cv_lib_pthread_pthread_create=yes
ac_cv_objext=o
ac_cv_path_EGREP='/bin/grep -E'
ac_cv_path_GREP=/bin/grep
ac_cv_path_install='/usr/bin/install -c'
ac_cv_path_mkdir=/bin/mkdir
ac_cv_prog_AWK=mawk
ac_cv_prog_CPP='gcc -E'
ac_cv_prog_ac_ct_CC=gcc
ac_cv_prog_ac_ct_CXX=g++
ac_cv_prog_ac_ct_RANLIB=ranlib
ac_cv_prog_cc_c89=
ac_cv_prog_cc_g=yes
ac_cv_prog_cxx_g=yes
ac_cv_prog_make_make_set=yes
ac_cv_sys_largefile_source=no
ac_cv_type__Bool=yes
ac_cv_type_off_t=yes
ac_cv_type_size_t=yes
am_cv_CC_dependencies_compiler_type=gcc3
am_cv_CXX_dependencies_compiler_type=gcc3

## ----------------- ##
## Output variables. ##
## ----------------- ##

ACLOCAL='${SHELL} /home/shencheng/client/lib/missing --run aclocal-1.11'
AMDEPBACKSLASH='\'
AMDEP_FALSE='#'
AMDEP_TRUE=''
AMTAR='${SHELL} /home/shencheng/client/lib/missing --run tar'
AUTOCONF='${SHELL} /home/shencheng/client/lib/missing --run autoconf'
AUTOHEADER='${SHELL} /home/shencheng/client/lib/missing --run autoheader'
AUTOMAKE='${SHELL} /home/shencheng/client/lib/missing --run automake-1.11'
AWK='mawk'
CC='gcc'
CCDEPMODE='depmode=gcc3'
CFLAGS='-g -O2'
CPP='gcc -E'
CPPFLAGS=''
CXX='g++'
CXXDEPMODE='depmode=gcc3'
CXXFLAGS='-g -O2'
CYGPATH_W='echo'
DEFS='-DPACKAGE_NAME=\"libRTSPClient\" -DPACKAGE_TARNAME=\"librtspclient\" -DPACKAGE_VERSION=\"1.1\" -DPACKAGE_STRING=\"libRTSPClient\ 1.1\" -DPACKAGE_BUGREPORT=\"\" -DPACKAGE_URL=\"\" -DPACKAGE=\"librtspclient\" -DVERSION=\"1.1\" -DHAVE_LIBPTHREAD=1 -DSTDC_HEADERS=1 -DHAVE_SYS_TYPES_H=1 -DHAVE_SYS_STAT_H=1 -DHAVE_STDLIB_H=1 -DHAVE_STRING_H=1 -DHAVE_MEMORY_H=1 -DHAVE_STRINGS_H=1 -DHAVE_INTTYPES_H=1 -DHAVE_STDINT_H=1 -DHAVE_UNISTD_H=1 -DHAVE_ARPA_INET_H=1 -DHAVE_FCNTL_H=1 -DHAVE_LOCALE_H=1 -DHAVE_NETDB_H=1 -DHAVE_NETINET_IN_H=1 -DHAVE_STDDEF_H=1 -DHAVE_STDLIB_H=1 -DHAVE_STRING_H=1 -DHAVE_STRINGS_H=1 -DHAVE_SYS_SOCKET_H=1 -DHAVE_SYS_TIME_H=1 -DHAVE_SYS_TIMEB_H=1 -DHAVE_UNISTD_H=1 -DHAVE__BOOL=1 -DHAVE_STDBOOL_H=1 -DHAVE_FSEEKO=1 -DHAVE_STDLIB_H=1 -DHAVE_MALLOC=1 -DHAVE_FTIME=1 -DHAVE_GETHOSTBYADDR=1 -DHAVE_GETHOSTBYNAME=1 -DHAVE_GETHOSTNAME=1 -DHAVE_GETTIMEOFDAY=1 -DHAVE_INET_NTOA=1 -DHAVE_MEMMOVE=1 -DHAVE_MEMSET=1 -DHAVE_SELECT=1 -DHAVE_SETLOCALE=1 -DHAVE_SOCKET=1 -DHAVE_STRERROR=1'
DEPDIR='.deps'
ECHO_C=''
ECHO_N='-n'
ECHO_T=''
EGREP='/bin/grep -E'
EXEEXT=''
GREP='/bin/grep'
INSTALL_DATA='${INSTALL} -m 644'
INSTALL_PROGRAM='${INSTALL}'
INSTALL_SCRIPT='${INSTALL}'
INSTALL_STRIP_PROGRAM='$(install_sh) -c -s'
LDFLAGS=''
LIBOBJS=''
LIBS='-lpthread '
LTLIBOBJS=''
MAKEINFO='${SHELL} /home/shencheng/client/lib/missing --run makeinfo'
MKDIR_P='/bin/mkdir -p'
OBJEXT='o'
PACKAGE='librtspclient'
PACKAGE_BUGREPORT=''
PACKAGE_NAME='libRTSPClient'
PACKAGE_STRING='libRTSPClient 1.1'
PACKAGE_TARNAME='librtspclient'
PACKAGE_URL=''
PACKAGE_VERSION='1.1'
PATH_SEPARATOR=':'
RANLIB='ranlib'
SET_MAKE=''
SHELL='/bin/bash'
STRIP=''
VERSION='1.1'
ac_ct_CC='gcc'
ac_ct_CXX='g++'
am__EXEEXT_FALSE=''
am__EXEEXT_TRUE='#'
am__fastdepCC_FALSE='#'
am__fastdepCC_TRUE=''
am__fastdepCXX_FALSE='#'
am__fastdepCXX_TRUE=''
am__include='include'
am__isrc=''
am__leading_dot='.'
am__quote=''
am__tar='${AMTAR} chof - "$$tardir"'
am__untar='${AMTAR} xf -'
bindir='${exec_prefix}/bin'
build_alias=''
datadir='${datarootdir}'
datarootdir='${prefix}/share'
docdir='${datarootdir}/doc/${PACKAGE_TARNAME}'
dvidir='${docdir}'
exec_prefix='${prefix}'
host_alias=''
htmldir='${docdir}'
includedir='${prefix}/include'
infodir='${datarootdir}/info'
install_sh='${SHELL} /home/shencheng/client/lib/install-sh'
libdir='${exec_prefix}/lib'
libexecdir='${exec_prefix}/libexec'
localedir='${datarootdir}/locale'
localstatedir='${prefix}/var'
mandir='${datarootdir}/man'
mkdir_p='/bin/mkdir -p'
oldincludedir='/usr/include'
pdfdir='${docdir}'
prefix='/usr/local'
program_transform_name='s,x,x,'
psdir='${docdir}'
sbindir='${exec_prefix}/sbin'
sharedstatedir='${prefix}/com'
sysconfdir='${prefix}/etc'
target_alias=''

## ----------- ##
## confdefs.h. ##
## ----------- ##

/* confdefs.h */
#define PACKAGE_NAME "libRTSPClient"
#define PACKAGE_TARNAME "librtspclient"
#define PACKAGE_VERSION "1.1"
#define PACKAGE_STRING "libRTSPClient 1.1"
#define PACKAGE_BUGREPORT ""
#define PACKAGE_URL ""
#define PACKAGE "librtspclient"
#define VERSION "1.1"
#define HAVE_LIBPTHREAD 1
#define STDC_HEADERS 1
#define HAVE_SYS_TYPES_H 1
#define HAVE_SYS_STAT_H 1
#define HAVE_STDLIB_H 1
#define HAVE_STRING_H 1
#define HAVE_MEMORY_H 1
#define HAVE_STRINGS_H 1
#define HAVE_INTTYPES_H 1
#define HAVE_STDINT_H 1
#define HAVE_UNISTD_H 1
#define HAVE_ARPA_INET_H 1
#define HAVE_FCNTL_H 1
#define HAVE_LOCALE_H 1
#define HAVE_NETDB_H 1
#define HAVE_NETINET_IN_H 1
#define HAVE_STDDEF_H 1
#define HAVE_STDLIB_H 1
#define HAVE_STRING_H 1
#define HAVE_STRINGS_H 1
#define HAVE_SYS_SOCKET_H 1
#define HAVE_SYS_TIME_H 1
#define HAVE_SYS_TIMEB_H 1
#define HAVE_UNISTD_H 1
#define HAVE__BOOL 1
#define HAVE_STDBOOL_H 1
#define HAVE_FSEEKO 1
#define HAVE_STDLIB_H 1
#define HAVE_MALLOC 1
#define HAVE_FTIME 1
#define HAVE_GETHOSTBYADDR 1
#define HAVE_GETHOSTBYNAME 1
#define HAVE_GETHOSTNAME 1
#define HAVE_GETTIMEOFDAY 1
#define HAVE_INET_NTOA 1
#define HAVE_MEMMOVE 1
#define HAVE_MEMSET 1
#define HAVE_SELECT 1
#define HAVE_SETLOCALE 1
#define HAVE_SOCKET 1
#define HAVE_STRERROR 1

configure: exit 0
